/scratch/r16/ma2374/docking/WT/minimised/711ns/GLPG1837
WT_minimised_GLPG1837_WT_minimised_GLPG1837_WT_minimised_GLPG1837_711ns_protein_WT_open_poses.pdb
WT_minimised_GLPG1837
/scratch/r16/ma2374/docking/WT/minimised/711ns/VX770
WT_minimised_VX770_WT_minimised_VX770_WT_minimised_VX770_711ns_protein_WT_open_poses.pdb
WT_minimised_VX770
/scratch/r16/ma2374/docking/WT/closed/200ns/minimised/GLPG1837
closed_200ns_GLPG1837_closed_200ns_GLPG1837_closed_200ns_GLPG1837_200ns_protein_WT_closed_poses.pdb
closed_200ns_GLPG1837
/scratch/r16/ma2374/docking/WT/closed/200ns/minimised/VX770
closed_200ns_VX770_closed_200ns_VX770_closed_200ns_VX770_200ns_protein_WT_closed_poses.pdb
closed_200ns_VX770
/scratch/r16/ma2374/docking/WT/open/711ns/minimised/GLPG1837
open_711ns_GLPG1837_open_711ns_GLPG1837_open_711ns_GLPG1837_711ns_protein_WT_open_poses.pdb
open_711ns_GLPG1837
/scratch/r16/ma2374/docking/WT/open/711ns/minimised/VX770
open_711ns_VX770_open_711ns_VX770_open_711ns_VX770_711ns_protein_WT_open_poses.pdb
open_711ns_VX770
/scratch/r16/ma2374/docking/WT/open/phospho/crystal_structure/GLPG1837
open_phospho_GLPG1837_open_phospho_GLPG1837_open_phospho_GLPG1837_phospho_6msm_poses.pdb
open_phospho_GLPG1837
/scratch/r16/ma2374/docking/WT/open/phospho/crystal_structure/VX770
open_phospho_VX770_open_phospho_VX770_open_phospho_VX770_phospho_6msm_poses.pdb
open_phospho_VX770
/scratch/r16/ma2374/docking/WT/open/phospho/711ns/GLPG1837
open_phospho_GLPG1837_open_phospho_GLPG1837_open_phospho_GLPG1837_711ns_phospho_WT_open_poses.pdb
open_phospho_GLPG1837
/scratch/r16/ma2374/docking/WT/open/phospho/711ns/VX770
open_phospho_VX770_open_phospho_VX770_open_phospho_VX770_711ns_phospho_WT_open_poses.pdb
open_phospho_VX770
/scratch/r16/ma2374/docking/R352Q/minimised/745ns/GLPG1837
R352Q_minimised_GLPG1837_R352Q_minimised_GLPG1837_R352Q_minimised_GLPG1837_745ns_protein_R352Q_open_poses.pdb
R352Q_minimised_GLPG1837
/scratch/r16/ma2374/docking/R352Q/minimised/745ns/VX770
R352Q_minimised_VX770_R352Q_minimised_VX770_R352Q_minimised_VX770_745ns_protein_R352Q_open_poses.pdb
R352Q_minimised_VX770
/scratch/r16/ma2374/docking/R352Q/phospho/745ns/GLPG1837
R352Q_phospho_GLPG1837_R352Q_phospho_GLPG1837_R352Q_phospho_GLPG1837_745ns_phospho_R352Q_open_poses.pdb
R352Q_phospho_GLPG1837
/scratch/r16/ma2374/docking/R352Q/phospho/745ns/VX770
R352Q_phospho_VX770_R352Q_phospho_VX770_R352Q_phospho_VX770_745ns_phospho_R352Q_open_poses.pdb
R352Q_phospho_VX770
/scratch/r16/ma2374/docking/I37R/minimised/600ns/GLPG1837
I37R_minimised_GLPG1837_I37R_minimised_GLPG1837_I37R_minimised_GLPG1837_600ns_protein_I37R_open_poses.pdb
I37R_minimised_GLPG1837
/scratch/r16/ma2374/docking/I37R/minimised/600ns/VX770
I37R_minimised_VX770_I37R_minimised_VX770_I37R_minimised_VX770_600ns_protein_I37R_open_poses.pdb
I37R_minimised_VX770
/scratch/r16/ma2374/docking/I37R/phospho/600ns/GLPG1837
I37R_phospho_GLPG1837_I37R_phospho_GLPG1837_I37R_phospho_GLPG1837_600ns_phospho_I37R_open_poses.pdb
I37R_phospho_GLPG1837
/scratch/r16/ma2374/docking/I37R/phospho/600ns/VX770
I37R_phospho_VX770_I37R_phospho_VX770_I37R_phospho_VX770_600ns_phospho_I37R_open_poses.pdb
I37R_phospho_VX770
